<?xml version="1.0" encoding="UTF-8"?>
<!-- Generated by org.testng.reporters.JUnitReportReporter -->
<testsuite skipped="0" hostname="aruntomar-PC" name="com.openhrm.qa.testcases.HomePageTest" tests="2" failures="0" timestamp="25 May 2019 13:09:27 GMT" time="23.864" errors="0">
  <testcase name="userValidateTest" time="9.966" classname="com.openhrm.qa.testcases.HomePageTest"/>
  <testcase name="admintabClickTest" time="13.898" classname="com.openhrm.qa.testcases.HomePageTest"/>
</testsuite> <!-- com.openhrm.qa.testcases.HomePageTest -->
