<?xml version="1.0" encoding="UTF-8"?>
<!-- Generated by org.testng.reporters.JUnitReportReporter -->
<testsuite skipped="0" hostname="hp-PC" name="com.openhrm.qa.testcases.LoginPageTest" tests="3" failures="0" timestamp="26 Apr 2020 13:35:34 GMT" time="73.013" errors="0">
  <testcase name="loginpageTitleTest" time="19.953" classname="com.openhrm.qa.testcases.LoginPageTest"/>
  <testcase name="loginpagelogoTest" time="32.356" classname="com.openhrm.qa.testcases.LoginPageTest"/>
  <testcase name="loginTest" time="20.704" classname="com.openhrm.qa.testcases.LoginPageTest"/>
</testsuite> <!-- com.openhrm.qa.testcases.LoginPageTest -->
